<?xml version="1.0" encoding="UTF-8"?>
<testng-results skipped="0" failed="0" total="1" passed="1">
  <reporter-output>
  </reporter-output>
  <suite name="Default suite" duration-ms="16249" started-at="2017-05-23T07:08:00Z" finished-at="2017-05-23T07:08:16Z">
    <groups>
    </groups>
    <test name="Default test" duration-ms="16249" started-at="2017-05-23T07:08:00Z" finished-at="2017-05-23T07:08:16Z">
      <class name="log4jdemo">
        <test-method status="PASS" signature="test1()[pri:0, instance:log4jdemo@cb644e]" name="test1" duration-ms="16226" started-at="2017-05-23T12:38:00Z" finished-at="2017-05-23T12:38:16Z">
          <reporter-output>
          </reporter-output>
        </test-method> <!-- test1 -->
      </class> <!-- log4jdemo -->
    </test> <!-- Default test -->
  </suite> <!-- Default suite -->
</testng-results>
